#
# There is insufficient memory for the Java Runtime Environment to continue.
# Native memory allocation (malloc) failed to allocate 32744 bytes for ChunkPool::allocate
# Possible reasons:
#   The system is out of physical RAM or swap space
#   The process is running with CompressedOops enabled, and the Java Heap may be blocking the growth of the native heap
# Possible solutions:
#   Reduce memory load on the system
#   Increase physical memory or swap space
#   Check if swap backing store is full
#   Decrease Java heap size (-Xmx/-Xms)
#   Decrease number of Java threads
#   Decrease Java thread stack sizes (-Xss)
#   Set larger code cache with -XX:ReservedCodeCacheSize=
#   JVM is running with Unscaled Compressed Oops mode in which the Java heap is
#     placed in the first 4GB address space. The Java Heap base address is the
#     maximum limit for the native heap growth. Please use -XX:HeapBaseMinAddress
#     to set the Java Heap base and to place the Java Heap above 4GB virtual address.
# This output file may be truncated or incomplete.
#
#  Out of Memory Error (./open/src/hotspot/share/memory/arena.cpp:79), pid=10656, tid=2524
#
# JRE version: OpenJDK Runtime Environment (14.0.2+12) (build 14.0.2+12-46)
# Java VM: OpenJDK 64-Bit Server VM (14.0.2+12-46, mixed mode, tiered, compressed oops, g1 gc, windows-amd64)
# No core dump will be written. Minidumps are not enabled by default on client versions of Windows
#

---------------  S U M M A R Y ------------

Command Line: -Dfile.encoding=Cp1252 -XX:+ShowCodeDetailsInExceptionMessages Calculator

Host: AMD A8-4555M APU with Radeon(tm) HD Graphics   , 4 cores, 7G,  Windows 10 , 64 bit Build 19041 (10.0.19041.804)
Time: Wed Feb 17 09:13:03 2021 India Standard Time elapsed time: 31986 seconds (0d 8h 53m 6s)

---------------  T H R E A D  ---------------

Current thread (0x000001c09a0eb800):  JavaThread "C2 CompilerThread0" daemon [_thread_in_native, id=2524, stack(0x0000008013800000,0x0000008013900000)]


Current CompileTask:
C2:31986911 1291       4       java.util.ComparableTimSort::mergeHi (729 bytes)

Stack: [0x0000008013800000,0x0000008013900000]
Native frames: (J=compiled Java code, j=interpreted, Vv=VM code, C=native code)
V  [jvm.dll+0x5f8a9a]
V  [jvm.dll+0x74247a]
V  [jvm.dll+0x743c2f]
V  [jvm.dll+0x744273]
V  [jvm.dll+0x20d288]
V  [jvm.dll+0xabea6]
V  [jvm.dll+0xabc7d]
V  [jvm.dll+0x5d997b]
V  [jvm.dll+0x621b2f]
V  [jvm.dll+0x18cecc]
V  [jvm.dll+0x1e5efa]
V  [jvm.dll+0x1e50b8]
V  [jvm.dll+0x1779cc]
V  [jvm.dll+0x1f4105]
V  [jvm.dll+0x1f22eb]
V  [jvm.dll+0x7070cd]
V  [jvm.dll+0x6ffeda]
V  [jvm.dll+0x5f78f6]
C  [ucrtbase.dll+0x21bb2]
C  [KERNEL32.DLL+0x17034]
C  [ntdll.dll+0x4d241]


---------------  P R O C E S S  ---------------

Threads class SMR info:
_java_thread_list=0x000001c09b428510, length=17, elements={
0x000001c09a0c6800, 0x000001c09a0c8800, 0x000001c09a0e8800, 0x000001c09a0e9800,
0x000001c09a0ea800, 0x000001c09a0eb800, 0x000001c09aa14800, 0x000001c09aa15800,
0x000001c09ab8d000, 0x000001c09aba4000, 0x000001c09af9e800, 0x000001c09afa1800,
0x000001c09afe9000, 0x000001c09b350000, 0x000001c0fe806800, 0x000001c09b3b3000,
0x000001c09b443000
}

Java Threads: ( => current thread )
  0x000001c09a0c6800 JavaThread "Reference Handler" daemon [_thread_blocked, id=6964, stack(0x0000008013300000,0x0000008013400000)]
  0x000001c09a0c8800 JavaThread "Finalizer" daemon [_thread_blocked, id=2612, stack(0x0000008013400000,0x0000008013500000)]
  0x000001c09a0e8800 JavaThread "Signal Dispatcher" daemon [_thread_blocked, id=12160, stack(0x0000008013500000,0x0000008013600000)]
  0x000001c09a0e9800 JavaThread "Attach Listener" daemon [_thread_blocked, id=10048, stack(0x0000008013600000,0x0000008013700000)]
  0x000001c09a0ea800 JavaThread "Service Thread" daemon [_thread_blocked, id=12084, stack(0x0000008013700000,0x0000008013800000)]
=>0x000001c09a0eb800 JavaThread "C2 CompilerThread0" daemon [_thread_in_native, id=2524, stack(0x0000008013800000,0x0000008013900000)]
  0x000001c09aa14800 JavaThread "C1 CompilerThread0" daemon [_thread_blocked, id=2552, stack(0x0000008013900000,0x0000008013a00000)]
  0x000001c09aa15800 JavaThread "Sweeper thread" daemon [_thread_blocked, id=7620, stack(0x0000008013a00000,0x0000008013b00000)]
  0x000001c09ab8d000 JavaThread "Notification Thread" daemon [_thread_blocked, id=10940, stack(0x0000008013b00000,0x0000008013c00000)]
  0x000001c09aba4000 JavaThread "Common-Cleaner" daemon [_thread_blocked, id=9592, stack(0x0000008013d00000,0x0000008013e00000)]
  0x000001c09af9e800 JavaThread "Java2D Disposer" daemon [_thread_blocked, id=8716, stack(0x0000008013e00000,0x0000008013f00000)]
  0x000001c09afa1800 JavaThread "AWT-Shutdown" [_thread_blocked, id=9996, stack(0x0000008013f00000,0x0000008014000000)]
  0x000001c09afe9000 JavaThread "AWT-Windows" daemon [_thread_in_native, id=2116, stack(0x0000008014000000,0x0000008014100000)]
  0x000001c09b350000 JavaThread "AWT-EventQueue-0" [_thread_blocked, id=11912, stack(0x0000008014900000,0x0000008014a00000)]
  0x000001c0fe806800 JavaThread "DestroyJavaVM" [_thread_blocked, id=1036, stack(0x0000008012c00000,0x0000008012d00000)]
  0x000001c09b3b3000 JavaThread "D3D Screen Updater" daemon [_thread_blocked, id=11176, stack(0x0000008014b00000,0x0000008014c00000)]
  0x000001c09b443000 JavaThread "TimerQueue" daemon [_thread_blocked, id=12264, stack(0x0000008014c00000,0x0000008014d00000)]

Other Threads:
  0x000001c09a0b1000 VMThread "VM Thread" [stack: 0x0000008013200000,0x0000008013300000] [id=10128]
  0x000001c09ab8d800 WatcherThread [stack: 0x0000008013c00000,0x0000008013d00000] [id=11096]
  0x000001c0fe848800 GCTaskThread "GC Thread#0" [stack: 0x0000008012d00000,0x0000008012e00000] [id=11528]
  0x000001c09afd5000 GCTaskThread "GC Thread#1" [stack: 0x0000008012900000,0x0000008012a00000] [id=17688]
  0x000001c09afd9000 GCTaskThread "GC Thread#2" [stack: 0x0000008012a00000,0x0000008012b00000] [id=15504]
  0x000001c09afdc000 GCTaskThread "GC Thread#3" [stack: 0x0000008012b00000,0x0000008012c00000] [id=17544]
  0x000001c0fe85b800 ConcurrentGCThread "G1 Main Marker" [stack: 0x0000008012e00000,0x0000008012f00000] [id=11832]
  0x000001c0fe861800 ConcurrentGCThread "G1 Conc#0" [stack: 0x0000008012f00000,0x0000008013000000] [id=4112]
  0x000001c0fe8d9800 ConcurrentGCThread "G1 Refine#0" [stack: 0x0000008013000000,0x0000008013100000] [id=11816]
  0x000001c0fe8db800 ConcurrentGCThread "G1 Young RemSet Sampling" [stack: 0x0000008013100000,0x0000008013200000] [id=7708]

Threads with active compile tasks:
C2 CompilerThread0  31987045 1291       4       java.util.ComparableTimSort::mergeHi (729 bytes)

VM state:not at safepoint (normal execution)

VM Mutex/Monitor currently owned by a thread: None

Heap address: 0x0000000088a00000, size: 1910 MB, Compressed Oops mode: 32-bit
Narrow klass base: 0x0000000000000000, Narrow klass shift: 3
Compressed class space size: 1073741824 Address: 0x0000000100000000

Heap:
 garbage-first heap   total 122880K, used 9204K [0x0000000088a00000, 0x0000000100000000)
  region size 1024K, 9 young (9216K), 1 survivors (1024K)
 Metaspace       used 14609K, capacity 14836K, committed 14976K, reserved 1062912K
  class space    used 1493K, capacity 1592K, committed 1664K, reserved 1048576K
Heap Regions: E=young(eden), S=young(survivor), O=old, HS=humongous(starts), HC=humongous(continues), CS=collection set, F=free, OA=open archive, CA=closed archive, TAMS=top-at-mark-start (previous, next)
|   0|0x0000000088a00000, 0x0000000088b00000, 0x0000000088b00000|100%| O|  |TAMS 0x0000000088a00000, 0x0000000088a00000| Untracked 
|   1|0x0000000088b00000, 0x0000000088bbd800, 0x0000000088c00000| 74%| O|  |TAMS 0x0000000088b00000, 0x0000000088b00000| Untracked 
|   2|0x0000000088c00000, 0x0000000088c00000, 0x0000000088d00000|  0%| F|  |TAMS 0x0000000088c00000, 0x0000000088c00000| Untracked 
|   3|0x0000000088d00000, 0x0000000088d00000, 0x0000000088e00000|  0%| F|  |TAMS 0x0000000088d00000, 0x0000000088d00000| Untracked 
|   4|0x0000000088e00000, 0x0000000088e00000, 0x0000000088f00000|  0%| F|  |TAMS 0x0000000088e00000, 0x0000000088e00000| Untracked 
|   5|0x0000000088f00000, 0x0000000088f00000, 0x0000000089000000|  0%| F|  |TAMS 0x0000000088f00000, 0x0000000088f00000| Untracked 
|   6|0x0000000089000000, 0x0000000089000000, 0x0000000089100000|  0%| F|  |TAMS 0x0000000089000000, 0x0000000089000000| Untracked 
|   7|0x0000000089100000, 0x0000000089100000, 0x0000000089200000|  0%| F|  |TAMS 0x0000000089100000, 0x0000000089100000| Untracked 
|   8|0x0000000089200000, 0x0000000089200000, 0x0000000089300000|  0%| F|  |TAMS 0x0000000089200000, 0x0000000089200000| Untracked 
|   9|0x0000000089300000, 0x0000000089300000, 0x0000000089400000|  0%| F|  |TAMS 0x0000000089300000, 0x0000000089300000| Untracked 
|  10|0x0000000089400000, 0x0000000089400000, 0x0000000089500000|  0%| F|  |TAMS 0x0000000089400000, 0x0000000089400000| Untracked 
|  11|0x0000000089500000, 0x0000000089500000, 0x0000000089600000|  0%| F|  |TAMS 0x0000000089500000, 0x0000000089500000| Untracked 
|  12|0x0000000089600000, 0x0000000089600000, 0x0000000089700000|  0%| F|  |TAMS 0x0000000089600000, 0x0000000089600000| Untracked 
|  13|0x0000000089700000, 0x0000000089700000, 0x0000000089800000|  0%| F|  |TAMS 0x0000000089700000, 0x0000000089700000| Untracked 
|  14|0x0000000089800000, 0x0000000089800000, 0x0000000089900000|  0%| F|  |TAMS 0x0000000089800000, 0x0000000089800000| Untracked 
|  15|0x0000000089900000, 0x0000000089900000, 0x0000000089a00000|  0%| F|  |TAMS 0x0000000089900000, 0x0000000089900000| Untracked 
|  16|0x0000000089a00000, 0x0000000089a00000, 0x0000000089b00000|  0%| F|  |TAMS 0x0000000089a00000, 0x0000000089a00000| Untracked 
|  17|0x0000000089b00000, 0x0000000089b00000, 0x0000000089c00000|  0%| F|  |TAMS 0x0000000089b00000, 0x0000000089b00000| Untracked 
|  18|0x0000000089c00000, 0x0000000089c00000, 0x0000000089d00000|  0%| F|  |TAMS 0x0000000089c00000, 0x0000000089c00000| Untracked 
|  19|0x0000000089d00000, 0x0000000089d00000, 0x0000000089e00000|  0%| F|  |TAMS 0x0000000089d00000, 0x0000000089d00000| Untracked 
|  20|0x0000000089e00000, 0x0000000089e00000, 0x0000000089f00000|  0%| F|  |TAMS 0x0000000089e00000, 0x0000000089e00000| Untracked 
|  21|0x0000000089f00000, 0x0000000089f00000, 0x000000008a000000|  0%| F|  |TAMS 0x0000000089f00000, 0x0000000089f00000| Untracked 
|  22|0x000000008a000000, 0x000000008a000000, 0x000000008a100000|  0%| F|  |TAMS 0x000000008a000000, 0x000000008a000000| Untracked 
|  23|0x000000008a100000, 0x000000008a100000, 0x000000008a200000|  0%| F|  |TAMS 0x000000008a100000, 0x000000008a100000| Untracked 
|  24|0x000000008a200000, 0x000000008a200000, 0x000000008a300000|  0%| F|  |TAMS 0x000000008a200000, 0x000000008a200000| Untracked 
|  25|0x000000008a300000, 0x000000008a300000, 0x000000008a400000|  0%| F|  |TAMS 0x000000008a300000, 0x000000008a300000| Untracked 
|  26|0x000000008a400000, 0x000000008a400000, 0x000000008a500000|  0%| F|  |TAMS 0x000000008a400000, 0x000000008a400000| Untracked 
|  27|0x000000008a500000, 0x000000008a500000, 0x000000008a600000|  0%| F|  |TAMS 0x000000008a500000, 0x000000008a500000| Untracked 
|  28|0x000000008a600000, 0x000000008a600000, 0x000000008a700000|  0%| F|  |TAMS 0x000000008a600000, 0x000000008a600000| Untracked 
|  29|0x000000008a700000, 0x000000008a700000, 0x000000008a800000|  0%| F|  |TAMS 0x000000008a700000, 0x000000008a700000| Untracked 
|  30|0x000000008a800000, 0x000000008a800000, 0x000000008a900000|  0%| F|  |TAMS 0x000000008a800000, 0x000000008a800000| Untracked 
|  31|0x000000008a900000, 0x000000008a900000, 0x000000008aa00000|  0%| F|  |TAMS 0x000000008a900000, 0x000000008a900000| Untracked 
|  32|0x000000008aa00000, 0x000000008aa00000, 0x000000008ab00000|  0%| F|  |TAMS 0x000000008aa00000, 0x000000008aa00000| Untracked 
|  33|0x000000008ab00000, 0x000000008ab00000, 0x000000008ac00000|  0%| F|  |TAMS 0x000000008ab00000, 0x000000008ab00000| Untracked 
|  34|0x000000008ac00000, 0x000000008ac00000, 0x000000008ad00000|  0%| F|  |TAMS 0x000000008ac00000, 0x000000008ac00000| Untracked 
|  35|0x000000008ad00000, 0x000000008ad00000, 0x000000008ae00000|  0%| F|  |TAMS 0x000000008ad00000, 0x000000008ad00000| Untracked 
|  36|0x000000008ae00000, 0x000000008ae00000, 0x000000008af00000|  0%| F|  |TAMS 0x000000008ae00000, 0x000000008ae00000| Untracked 
|  37|0x000000008af00000, 0x000000008af00000, 0x000000008b000000|  0%| F|  |TAMS 0x000000008af00000, 0x000000008af00000| Untracked 
|  38|0x000000008b000000, 0x000000008b000000, 0x000000008b100000|  0%| F|  |TAMS 0x000000008b000000, 0x000000008b000000| Untracked 
|  39|0x000000008b100000, 0x000000008b100000, 0x000000008b200000|  0%| F|  |TAMS 0x000000008b100000, 0x000000008b100000| Untracked 
|  40|0x000000008b200000, 0x000000008b200000, 0x000000008b300000|  0%| F|  |TAMS 0x000000008b200000, 0x000000008b200000| Untracked 
|  41|0x000000008b300000, 0x000000008b300000, 0x000000008b400000|  0%| F|  |TAMS 0x000000008b300000, 0x000000008b300000| Untracked 
|  42|0x000000008b400000, 0x000000008b400000, 0x000000008b500000|  0%| F|  |TAMS 0x000000008b400000, 0x000000008b400000| Untracked 
|  43|0x000000008b500000, 0x000000008b500000, 0x000000008b600000|  0%| F|  |TAMS 0x000000008b500000, 0x000000008b500000| Untracked 
|  44|0x000000008b600000, 0x000000008b600000, 0x000000008b700000|  0%| F|  |TAMS 0x000000008b600000, 0x000000008b600000| Untracked 
|  45|0x000000008b700000, 0x000000008b700000, 0x000000008b800000|  0%| F|  |TAMS 0x000000008b700000, 0x000000008b700000| Untracked 
|  46|0x000000008b800000, 0x000000008b800000, 0x000000008b900000|  0%| F|  |TAMS 0x000000008b800000, 0x000000008b800000| Untracked 
|  47|0x000000008b900000, 0x000000008b900000, 0x000000008ba00000|  0%| F|  |TAMS 0x000000008b900000, 0x000000008b900000| Untracked 
|  48|0x000000008ba00000, 0x000000008ba00000, 0x000000008bb00000|  0%| F|  |TAMS 0x000000008ba00000, 0x000000008ba00000| Untracked 
|  49|0x000000008bb00000, 0x000000008bb00000, 0x000000008bc00000|  0%| F|  |TAMS 0x000000008bb00000, 0x000000008bb00000| Untracked 
|  50|0x000000008bc00000, 0x000000008bc00000, 0x000000008bd00000|  0%| F|  |TAMS 0x000000008bc00000, 0x000000008bc00000| Untracked 
|  51|0x000000008bd00000, 0x000000008bd00000, 0x000000008be00000|  0%| F|  |TAMS 0x000000008bd00000, 0x000000008bd00000| Untracked 
|  52|0x000000008be00000, 0x000000008be00000, 0x000000008bf00000|  0%| F|  |TAMS 0x000000008be00000, 0x000000008be00000| Untracked 
|  53|0x000000008bf00000, 0x000000008bf00000, 0x000000008c000000|  0%| F|  |TAMS 0x000000008bf00000, 0x000000008bf00000| Untracked 
|  54|0x000000008c000000, 0x000000008c000000, 0x000000008c100000|  0%| F|  |TAMS 0x000000008c000000, 0x000000008c000000| Untracked 
|  55|0x000000008c100000, 0x000000008c100000, 0x000000008c200000|  0%| F|  |TAMS 0x000000008c100000, 0x000000008c100000| Untracked 
|  56|0x000000008c200000, 0x000000008c200000, 0x000000008c300000|  0%| F|  |TAMS 0x000000008c200000, 0x000000008c200000| Untracked 
|  57|0x000000008c300000, 0x000000008c300000, 0x000000008c400000|  0%| F|  |TAMS 0x000000008c300000, 0x000000008c300000| Untracked 
|  58|0x000000008c400000, 0x000000008c400000, 0x000000008c500000|  0%| F|  |TAMS 0x000000008c400000, 0x000000008c400000| Untracked 
|  59|0x000000008c500000, 0x000000008c500000, 0x000000008c600000|  0%| F|  |TAMS 0x000000008c500000, 0x000000008c500000| Untracked 
|  60|0x000000008c600000, 0x000000008c600000, 0x000000008c700000|  0%| F|  |TAMS 0x000000008c600000, 0x000000008c600000| Untracked 
|  61|0x000000008c700000, 0x000000008c700000, 0x000000008c800000|  0%| F|  |TAMS 0x000000008c700000, 0x000000008c700000| Untracked 
|  62|0x000000008c800000, 0x000000008c800000, 0x000000008c900000|  0%| F|  |TAMS 0x000000008c800000, 0x000000008c800000| Untracked 
|  63|0x000000008c900000, 0x000000008c900000, 0x000000008ca00000|  0%| F|  |TAMS 0x000000008c900000, 0x000000008c900000| Untracked 
|  64|0x000000008ca00000, 0x000000008ca00000, 0x000000008cb00000|  0%| F|  |TAMS 0x000000008ca00000, 0x000000008ca00000| Untracked 
|  65|0x000000008cb00000, 0x000000008cb00000, 0x000000008cc00000|  0%| F|  |TAMS 0x000000008cb00000, 0x000000008cb00000| Untracked 
|  66|0x000000008cc00000, 0x000000008cc00000, 0x000000008cd00000|  0%| F|  |TAMS 0x000000008cc00000, 0x000000008cc00000| Untracked 
|  67|0x000000008cd00000, 0x000000008cd00000, 0x000000008ce00000|  0%| F|  |TAMS 0x000000008cd00000, 0x000000008cd00000| Untracked 
|  68|0x000000008ce00000, 0x000000008ce00000, 0x000000008cf00000|  0%| F|  |TAMS 0x000000008ce00000, 0x000000008ce00000| Untracked 
|  69|0x000000008cf00000, 0x000000008cf00000, 0x000000008d000000|  0%| F|  |TAMS 0x000000008cf00000, 0x000000008cf00000| Untracked 
|  70|0x000000008d000000, 0x000000008d000000, 0x000000008d100000|  0%| F|  |TAMS 0x000000008d000000, 0x000000008d000000| Untracked 
|  71|0x000000008d100000, 0x000000008d100000, 0x000000008d200000|  0%| F|  |TAMS 0x000000008d100000, 0x000000008d100000| Untracked 
|  72|0x000000008d200000, 0x000000008d200000, 0x000000008d300000|  0%| F|  |TAMS 0x000000008d200000, 0x000000008d200000| Untracked 
|  73|0x000000008d300000, 0x000000008d300000, 0x000000008d400000|  0%| F|  |TAMS 0x000000008d300000, 0x000000008d300000| Untracked 
|  74|0x000000008d400000, 0x000000008d400000, 0x000000008d500000|  0%| F|  |TAMS 0x000000008d400000, 0x000000008d400000| Untracked 
|  75|0x000000008d500000, 0x000000008d500000, 0x000000008d600000|  0%| F|  |TAMS 0x000000008d500000, 0x000000008d500000| Untracked 
|  76|0x000000008d600000, 0x000000008d600000, 0x000000008d700000|  0%| F|  |TAMS 0x000000008d600000, 0x000000008d600000| Untracked 
|  77|0x000000008d700000, 0x000000008d700000, 0x000000008d800000|  0%| F|  |TAMS 0x000000008d700000, 0x000000008d700000| Untracked 
|  78|0x000000008d800000, 0x000000008d800000, 0x000000008d900000|  0%| F|  |TAMS 0x000000008d800000, 0x000000008d800000| Untracked 
|  79|0x000000008d900000, 0x000000008d900000, 0x000000008da00000|  0%| F|  |TAMS 0x000000008d900000, 0x000000008d900000| Untracked 
|  80|0x000000008da00000, 0x000000008da00000, 0x000000008db00000|  0%| F|  |TAMS 0x000000008da00000, 0x000000008da00000| Untracked 
|  81|0x000000008db00000, 0x000000008db00000, 0x000000008dc00000|  0%| F|  |TAMS 0x000000008db00000, 0x000000008db00000| Untracked 
|  82|0x000000008dc00000, 0x000000008dc00000, 0x000000008dd00000|  0%| F|  |TAMS 0x000000008dc00000, 0x000000008dc00000| Untracked 
|  83|0x000000008dd00000, 0x000000008dd00000, 0x000000008de00000|  0%| F|  |TAMS 0x000000008dd00000, 0x000000008dd00000| Untracked 
|  84|0x000000008de00000, 0x000000008de00000, 0x000000008df00000|  0%| F|  |TAMS 0x000000008de00000, 0x000000008de00000| Untracked 
|  85|0x000000008df00000, 0x000000008df00000, 0x000000008e000000|  0%| F|  |TAMS 0x000000008df00000, 0x000000008df00000| Untracked 
|  86|0x000000008e000000, 0x000000008e000000, 0x000000008e100000|  0%| F|  |TAMS 0x000000008e000000, 0x000000008e000000| Untracked 
|  87|0x000000008e100000, 0x000000008e100000, 0x000000008e200000|  0%| F|  |TAMS 0x000000008e100000, 0x000000008e100000| Untracked 
|  88|0x000000008e200000, 0x000000008e200000, 0x000000008e300000|  0%| F|  |TAMS 0x000000008e200000, 0x000000008e200000| Untracked 
|  89|0x000000008e300000, 0x000000008e300000, 0x000000008e400000|  0%| F|  |TAMS 0x000000008e300000, 0x000000008e300000| Untracked 
|  90|0x000000008e400000, 0x000000008e400000, 0x000000008e500000|  0%| F|  |TAMS 0x000000008e400000, 0x000000008e400000| Untracked 
|  91|0x000000008e500000, 0x000000008e500000, 0x000000008e600000|  0%| F|  |TAMS 0x000000008e500000, 0x000000008e500000| Untracked 
|  92|0x000000008e600000, 0x000000008e600000, 0x000000008e700000|  0%| F|  |TAMS 0x000000008e600000, 0x000000008e600000| Untracked 
|  93|0x000000008e700000, 0x000000008e700000, 0x000000008e800000|  0%| F|  |TAMS 0x000000008e700000, 0x000000008e700000| Untracked 
|  94|0x000000008e800000, 0x000000008e800000, 0x000000008e900000|  0%| F|  |TAMS 0x000000008e800000, 0x000000008e800000| Untracked 
|  95|0x000000008e900000, 0x000000008e900000, 0x000000008ea00000|  0%| F|  |TAMS 0x000000008e900000, 0x000000008e900000| Untracked 
|  96|0x000000008ea00000, 0x000000008ea00000, 0x000000008eb00000|  0%| F|  |TAMS 0x000000008ea00000, 0x000000008ea00000| Untracked 
|  97|0x000000008eb00000, 0x000000008eb00000, 0x000000008ec00000|  0%| F|  |TAMS 0x000000008eb00000, 0x000000008eb00000| Untracked 
|  98|0x000000008ec00000, 0x000000008ec00000, 0x000000008ed00000|  0%| F|  |TAMS 0x000000008ec00000, 0x000000008ec00000| Untracked 
|  99|0x000000008ed00000, 0x000000008ed00000, 0x000000008ee00000|  0%| F|  |TAMS 0x000000008ed00000, 0x000000008ed00000| Untracked 
| 100|0x000000008ee00000, 0x000000008ee00000, 0x000000008ef00000|  0%| F|  |TAMS 0x000000008ee00000, 0x000000008ee00000| Untracked 
| 101|0x000000008ef00000, 0x000000008ef00000, 0x000000008f000000|  0%| F|  |TAMS 0x000000008ef00000, 0x000000008ef00000| Untracked 
| 102|0x000000008f000000, 0x000000008f000000, 0x000000008f100000|  0%| F|  |TAMS 0x000000008f000000, 0x000000008f000000| Untracked 
| 103|0x000000008f100000, 0x000000008f13fb88, 0x000000008f200000| 24%| S|CS|TAMS 0x000000008f100000, 0x000000008f100000| Complete 
| 104|0x000000008f200000, 0x000000008f200000, 0x000000008f300000|  0%| F|  |TAMS 0x000000008f200000, 0x000000008f200000| Untracked 
| 105|0x000000008f300000, 0x000000008f300000, 0x000000008f400000|  0%| F|  |TAMS 0x000000008f300000, 0x000000008f300000| Untracked 
| 106|0x000000008f400000, 0x000000008f400000, 0x000000008f500000|  0%| F|  |TAMS 0x000000008f400000, 0x000000008f400000| Untracked 
| 107|0x000000008f500000, 0x000000008f500000, 0x000000008f600000|  0%| F|  |TAMS 0x000000008f500000, 0x000000008f500000| Untracked 
| 108|0x000000008f600000, 0x000000008f600000, 0x000000008f700000|  0%| F|  |TAMS 0x000000008f600000, 0x000000008f600000| Untracked 
| 109|0x000000008f700000, 0x000000008f700000, 0x000000008f800000|  0%| F|  |TAMS 0x000000008f700000, 0x000000008f700000| Untracked 
| 110|0x000000008f800000, 0x000000008f800000, 0x000000008f900000|  0%| F|  |TAMS 0x000000008f800000, 0x000000008f800000| Untracked 
| 111|0x000000008f900000, 0x000000008f900000, 0x000000008fa00000|  0%| F|  |TAMS 0x000000008f900000, 0x000000008f900000| Untracked 
| 112|0x000000008fa00000, 0x000000008fa80800, 0x000000008fb00000| 50%| E|  |TAMS 0x000000008fa00000, 0x000000008fa00000| Complete 
| 113|0x000000008fb00000, 0x000000008fc00000, 0x000000008fc00000|100%| E|CS|TAMS 0x000000008fb00000, 0x000000008fb00000| Complete 
| 114|0x000000008fc00000, 0x000000008fd00000, 0x000000008fd00000|100%| E|CS|TAMS 0x000000008fc00000, 0x000000008fc00000| Complete 
| 115|0x000000008fd00000, 0x000000008fe00000, 0x000000008fe00000|100%| E|CS|TAMS 0x000000008fd00000, 0x000000008fd00000| Complete 
| 116|0x000000008fe00000, 0x000000008ff00000, 0x000000008ff00000|100%| E|CS|TAMS 0x000000008fe00000, 0x000000008fe00000| Complete 
| 117|0x000000008ff00000, 0x0000000090000000, 0x0000000090000000|100%| E|CS|TAMS 0x000000008ff00000, 0x000000008ff00000| Complete 
| 118|0x0000000090000000, 0x0000000090100000, 0x0000000090100000|100%| E|CS|TAMS 0x0000000090000000, 0x0000000090000000| Complete 
| 119|0x0000000090100000, 0x0000000090200000, 0x0000000090200000|100%| E|CS|TAMS 0x0000000090100000, 0x0000000090100000| Complete 

Card table byte_map: [0x000001c0ff6a0000,0x000001c0ffa60000] _byte_map_base: 0x000001c0ff25b000

Marking Bits (Prev, Next): (CMBitMap*) 0x000001c0fe849358, (CMBitMap*) 0x000001c0fe849398
 Prev Bits: [0x000001c094000000, 0x000001c095dd8000)
 Next Bits: [0x000001c095de0000, 0x000001c097bb8000)

Polling page: 0x000001c0fe5f0000

Metaspace:

Usage:
  Non-class:     12.93 MB capacity,    12.81 MB (>99%) used,   104.47 KB ( <1%) free+waste,    23.94 KB ( <1%) overhead. 
      Class:      1.55 MB capacity,     1.46 MB ( 94%) used,    84.91 KB (  5%) free+waste,    13.25 KB ( <1%) overhead. 
       Both:     14.49 MB capacity,    14.27 MB ( 98%) used,   189.38 KB (  1%) free+waste,    37.19 KB ( <1%) overhead. 

Virtual space:
  Non-class space:       14.00 MB reserved,      13.00 MB ( 93%) committed 
      Class space:        1.00 GB reserved,       1.63 MB ( <1%) committed 
             Both:        1.01 GB reserved,      14.63 MB (  1%) committed 

Chunk freelists:
   Non-Class:  4.00 KB
       Class:  8.00 KB
        Both:  12.00 KB

MaxMetaspaceSize: 17179869184.00 GB
CompressedClassSpaceSize: 1.00 GB

CodeHeap 'non-profiled nmethods': size=120000Kb used=501Kb max_used=501Kb free=119498Kb
 bounds [0x000001c08cad0000, 0x000001c08cd40000, 0x000001c094000000]
CodeHeap 'profiled nmethods': size=120000Kb used=2036Kb max_used=2036Kb free=117963Kb
 bounds [0x000001c0855a0000, 0x000001c085810000, 0x000001c08cad0000]
CodeHeap 'non-nmethods': size=5760Kb used=1284Kb max_used=1292Kb free=4475Kb
 bounds [0x000001c085000000, 0x000001c085270000, 0x000001c0855a0000]
 total_blobs=1779 nmethods=1205 adapters=488
 compilation: enabled
              stopped_count=0, restarted_count=0
 full_count=0

Compilation events (20 events):
Event: 6845.122 Thread 0x000001c09a0eb800 nmethod 1280 0x000001c08cb45110 code [0x000001c08cb45340, 0x000001c08cb45a88]
Event: 6848.505 Thread 0x000001c09a0eb800 1281       4       java.security.AccessControlContext::optimize (319 bytes)
Event: 6848.536 Thread 0x000001c09a0eb800 nmethod 1281 0x000001c08cb45d90 code [0x000001c08cb45fc0, 0x000001c08cb463e8]
Event: 11935.737 Thread 0x000001c09aa14800 1282   !   3       jdk.internal.ref.PhantomCleanable::isListEmpty (34 bytes)
Event: 11935.738 Thread 0x000001c09aa14800 nmethod 1282 0x000001c085644b90 code [0x000001c085644d40, 0x000001c085645038]
Event: 11935.738 Thread 0x000001c09aa14800 1283       3       jdk.internal.misc.InnocuousThread::eraseThreadLocals (23 bytes)
Event: 11935.739 Thread 0x000001c09aa14800 nmethod 1283 0x000001c085734410 code [0x000001c0857345a0, 0x000001c085734778]
Event: 30005.768 Thread 0x000001c09a0eb800 1284       4       java.util.ComparableTimSort::mergeHi (729 bytes)
Event: 30005.834 Thread 0x000001c09a0eb800 nmethod 1284 0x000001c08cb46790 code [0x000001c08cb46a80, 0x000001c08cb47838]
Event: 30130.287 Thread 0x000001c09a0eb800 1285       4       java.util.ComparableTimSort::mergeHi (729 bytes)
Event: 30130.364 Thread 0x000001c09a0eb800 nmethod 1285 0x000001c08cb47e90 code [0x000001c08cb481c0, 0x000001c08cb492f8]
Event: 30305.423 Thread 0x000001c09a0eb800 1286       4       java.lang.Object::equals (11 bytes)
Event: 30305.424 Thread 0x000001c09a0eb800 nmethod 1286 0x000001c08cb49a90 code [0x000001c08cb49c00, 0x000001c08cb49c78]
Event: 30305.650 Thread 0x000001c09a0eb800 1287       4       java.util.ComparableTimSort::mergeHi (729 bytes)
Event: 30305.708 Thread 0x000001c09a0eb800 nmethod 1287 0x000001c08cb49d90 code [0x000001c08cb4a0a0, 0x000001c08cb4b158]
Event: 31805.233 Thread 0x000001c09a0eb800 1288       4       java.util.ComparableTimSort::mergeHi (729 bytes)
Event: 31805.312 Thread 0x000001c09a0eb800 nmethod 1288 0x000001c08cb4b890 code [0x000001c08cb4bbc0, 0x000001c08cb4cb98]
Event: 31893.911 Thread 0x000001c09aa14800 1290       3       java.security.AccessController::doPrivileged (9 bytes)
Event: 31893.911 Thread 0x000001c09aa14800 nmethod 1290 0x000001c085646310 code [0x000001c0856464e0, 0x000001c0856467f8]
Event: 31986.819 Thread 0x000001c09a0eb800 1291       4       java.util.ComparableTimSort::mergeHi (729 bytes)

GC Heap History (4 events):
Event: 4433.997 GC heap before
{Heap before GC invocations=0 (full 0):
 garbage-first heap   total 122880K, used 13312K [0x0000000088a00000, 0x0000000100000000)
  region size 1024K, 13 young (13312K), 0 survivors (0K)
 Metaspace       used 14392K, capacity 14604K, committed 14720K, reserved 1062912K
  class space    used 1475K, capacity 1557K, committed 1664K, reserved 1048576K
}
Event: 4434.746 GC heap after
{Heap after GC invocations=1 (full 0):
 garbage-first heap   total 122880K, used 1798K [0x0000000088a00000, 0x0000000100000000)
  region size 1024K, 2 young (2048K), 2 survivors (2048K)
 Metaspace       used 14392K, capacity 14604K, committed 14720K, reserved 1062912K
  class space    used 1475K, capacity 1557K, committed 1664K, reserved 1048576K
}
Event: 20559.158 GC heap before
{Heap before GC invocations=1 (full 0):
 garbage-first heap   total 122880K, used 16134K [0x0000000088a00000, 0x0000000100000000)
  region size 1024K, 16 young (16384K), 2 survivors (2048K)
 Metaspace       used 14413K, capacity 14605K, committed 14720K, reserved 1062912K
  class space    used 1475K, capacity 1557K, committed 1664K, reserved 1048576K
}
Event: 20559.180 GC heap after
{Heap after GC invocations=2 (full 0):
 garbage-first heap   total 122880K, used 2036K [0x0000000088a00000, 0x0000000100000000)
  region size 1024K, 1 young (1024K), 1 survivors (1024K)
 Metaspace       used 14413K, capacity 14605K, committed 14720K, reserved 1062912K
  class space    used 1475K, capacity 1557K, committed 1664K, reserved 1048576K
}

Deoptimization events (20 events):
Event: 30306.987 Thread 0x000001c09afe9000 Uncommon trap: trap_request=0xffffffd6 fr.pc=0x000001c08cb4ac04 relative=0x0000000000000b64
Event: 30306.987 Thread 0x000001c09afe9000 Uncommon trap: reason=array_check action=maybe_recompile pc=0x000001c08cb4ac04 method=java.util.ComparableTimSort.mergeHi(IIII)V @ 277 c2
Event: 30306.987 Thread 0x000001c09afe9000 DEOPT PACKING pc=0x000001c08cb4ac04 sp=0x00000080140fdf20
Event: 30306.988 Thread 0x000001c09afe9000 DEOPT UNPACKING pc=0x000001c08504942f sp=0x00000080140fded0 mode 2
Event: 30309.195 Thread 0x000001c09afe9000 Uncommon trap: trap_request=0xffffffd6 fr.pc=0x000001c08cb4ac04 relative=0x0000000000000b64
Event: 30309.195 Thread 0x000001c09afe9000 Uncommon trap: reason=array_check action=maybe_recompile pc=0x000001c08cb4ac04 method=java.util.ComparableTimSort.mergeHi(IIII)V @ 277 c2
Event: 30309.195 Thread 0x000001c09afe9000 DEOPT PACKING pc=0x000001c08cb4ac04 sp=0x00000080140fdf20
Event: 30309.195 Thread 0x000001c09afe9000 DEOPT UNPACKING pc=0x000001c08504942f sp=0x00000080140fded0 mode 2
Event: 31806.590 Thread 0x000001c09afe9000 Uncommon trap: trap_request=0xffffffd6 fr.pc=0x000001c08cb4c950 relative=0x0000000000000d90
Event: 31806.590 Thread 0x000001c09afe9000 Uncommon trap: reason=array_check action=maybe_recompile pc=0x000001c08cb4c950 method=java.util.ComparableTimSort.mergeHi(IIII)V @ 654 c2
Event: 31806.590 Thread 0x000001c09afe9000 DEOPT PACKING pc=0x000001c08cb4c950 sp=0x00000080140fdf20
Event: 31806.594 Thread 0x000001c09afe9000 DEOPT UNPACKING pc=0x000001c08504942f sp=0x00000080140fded0 mode 2
Event: 31807.016 Thread 0x000001c09afe9000 Uncommon trap: trap_request=0xffffffd6 fr.pc=0x000001c08cb4c950 relative=0x0000000000000d90
Event: 31807.016 Thread 0x000001c09afe9000 Uncommon trap: reason=array_check action=maybe_recompile pc=0x000001c08cb4c950 method=java.util.ComparableTimSort.mergeHi(IIII)V @ 654 c2
Event: 31807.016 Thread 0x000001c09afe9000 DEOPT PACKING pc=0x000001c08cb4c950 sp=0x00000080140fdf20
Event: 31807.016 Thread 0x000001c09afe9000 DEOPT UNPACKING pc=0x000001c08504942f sp=0x00000080140fded0 mode 2
Event: 31893.977 Thread 0x000001c09b3b3000 Uncommon trap: trap_request=0xffffff45 fr.pc=0x000001c08cb2cd3c relative=0x0000000000000c3c
Event: 31893.977 Thread 0x000001c09b3b3000 Uncommon trap: reason=unstable_if action=reinterpret pc=0x000001c08cb2cd3c method=java.util.ArrayList.toArray([Ljava/lang/Object;)[Ljava/lang/Object; @ 6 c2
Event: 31893.977 Thread 0x000001c09b3b3000 DEOPT PACKING pc=0x000001c08cb2cd3c sp=0x0000008014bfecf0
Event: 31893.977 Thread 0x000001c09b3b3000 DEOPT UNPACKING pc=0x000001c08504942f sp=0x0000008014bfec18 mode 2

Classes unloaded (0 events):
No events

Classes redefined (0 events):
No events

Internal exceptions (15 events):
Event: 0.978 Thread 0x000001c0fe806800 Exception <a 'java/lang/ClassNotFoundException'{0x000000009000e5b0}: sun/awt/resources/spi/awtProvider> (0x000000009000e5b0) 
thrown [./open/src/hotspot/share/classfile/systemDictionary.cpp, line 226]
Event: 1.158 Thread 0x000001c0fe806800 Exception <a 'java/io/FileNotFoundException'{0x0000000090062ef0}> (0x0000000090062ef0) 
thrown [./open/src/hotspot/share/prims/jni.cpp, line 599]
Event: 1.209 Thread 0x000001c0fe806800 Exception <a 'java/io/FileNotFoundException'{0x0000000090089710}> (0x0000000090089710) 
thrown [./open/src/hotspot/share/prims/jni.cpp, line 599]
Event: 1.613 Thread 0x000001c09afe9000 Exception <a 'java/lang/NoSuchMethodError'{0x000000008ff05180}: 'void java.lang.invoke.DirectMethodHandle$Holder.invokeSpecial(java.lang.Object, java.lang.Object)'> (0x000000008ff05180) 
thrown [./open/src/hotspot/share/interpreter/linkResolver.cpp, line 766]
Event: 1.695 Thread 0x000001c0fe806800 Exception <a 'java/lang/NoSuchMethodError'{0x000000008ff6ed50}: 'java.lang.Object java.lang.invoke.DirectMethodHandle$Holder.invokeStatic(java.lang.Object, int, java.lang.Object, java.lang.Object, java.lang.Object, java.lang.Object)'> (0x000000008ff6ed50) 
thrown [./open/src/hotspot/share/interpreter/linkResolver.cpp, line 766]
Event: 1.697 Thread 0x000001c0fe806800 Exception <a 'java/lang/NoSuchMethodError'{0x000000008ff75670}: 'java.lang.Object java.lang.invoke.DirectMethodHandle$Holder.invokeStatic(java.lang.Object, int, java.lang.Object, java.lang.Object, java.lang.Object)'> (0x000000008ff75670) 
thrown [./open/src/hotspot/share/interpreter/linkResolver.cpp, line 766]
Event: 1.699 Thread 0x000001c0fe806800 Exception <a 'java/lang/NoSuchMethodError'{0x000000008ff78ec0}: 'java.lang.Object java.lang.invoke.DirectMethodHandle$Holder.invokeSpecial(java.lang.Object, java.lang.Object, int, java.lang.Object, java.lang.Object, java.lang.Object)'> (0x000000008ff78ec0) 
thrown [./open/src/hotspot/share/interpreter/linkResolver.cpp, line 766]
Event: 1.709 Thread 0x000001c0fe806800 Exception <a 'java/lang/NoSuchMethodError'{0x000000008ff8f4b0}: 'java.lang.Object java.lang.invoke.DirectMethodHandle$Holder.invokeStatic(java.lang.Object, int, java.lang.Object)'> (0x000000008ff8f4b0) 
thrown [./open/src/hotspot/share/interpreter/linkResolver.cpp, line 766]
Event: 1.791 Thread 0x000001c0fe806800 Exception <a 'java/lang/ClassNotFoundException'{0x000000008fe35e60}: com/sun/swing/internal/plaf/metal/resources/spi/metalProvider> (0x000000008fe35e60) 
thrown [./open/src/hotspot/share/classfile/systemDictionary.cpp, line 226]
Event: 1.793 Thread 0x000001c0fe806800 Exception <a 'java/lang/ClassNotFoundException'{0x000000008fe39d00}: com/sun/swing/internal/plaf/basic/resources/spi/basicProvider> (0x000000008fe39d00) 
thrown [./open/src/hotspot/share/classfile/systemDictionary.cpp, line 226]
Event: 2.886 Thread 0x000001c0fe806800 Exception <a 'java/lang/NoSuchMethodError'{0x000000008feb05e0}: 'void java.lang.invoke.DirectMethodHandle$Holder.invokeStaticInit(java.lang.Object)'> (0x000000008feb05e0) 
thrown [./open/src/hotspot/share/interpreter/linkResolver.cpp, line 766]
Event: 3.006 Thread 0x000001c0fe806800 Exception <a 'java/lang/NoSuchMethodError'{0x000000008fd43a40}: 'java.lang.Object java.lang.invoke.Invokers$Holder.linkToTargetMethod(java.lang.Object, int, java.lang.Object)'> (0x000000008fd43a40) 
thrown [./open/src/hotspot/share/interpreter/linkResolver.cpp, line 766]
Event: 7.110 Thread 0x000001c09b350000 Exception <a 'java/lang/NullPointerException'{0x000000008fc57b80}> (0x000000008fc57b80) 
thrown [./open/src/hotspot/share/interpreter/linkResolver.cpp, line 1348]
Event: 7.601 Thread 0x000001c09b350000 Exception <a 'java/lang/NullPointerException'{0x000000008fc69008}> (0x000000008fc69008) 
thrown [./open/src/hotspot/share/interpreter/linkResolver.cpp, line 1348]
Event: 31891.378 Thread 0x000001c09b350000 Exception <a 'java/lang/NoSuchMethodError'{0x000000008ff9bb88}: 'void java.lang.invoke.DirectMethodHandle$Holder.invokeVirtual(java.lang.Object, java.lang.Object)'> (0x000000008ff9bb88) 
thrown [./open/src/hotspot/share/interpreter/linkResolver.cpp, line 766]

Events (20 events):
Event: 31893.951 Executing VM operation: HandshakeOneThread
Event: 31893.951 Executing VM operation: HandshakeOneThread done
Event: 31893.951 Executing VM operation: HandshakeOneThread
Event: 31893.951 Executing VM operation: HandshakeOneThread done
Event: 31893.951 Executing VM operation: HandshakeOneThread
Event: 31893.951 Executing VM operation: HandshakeOneThread done
Event: 31893.951 Executing VM operation: HandshakeOneThread
Event: 31893.951 Executing VM operation: HandshakeOneThread done
Event: 31893.951 Executing VM operation: HandshakeOneThread
Event: 31893.951 Executing VM operation: HandshakeOneThread done
Event: 31893.951 Executing VM operation: HandshakeOneThread
Event: 31893.951 Executing VM operation: HandshakeOneThread done
Event: 31893.952 Executing VM operation: HandshakeOneThread
Event: 31893.952 Executing VM operation: HandshakeOneThread done
Event: 31893.952 Executing VM operation: HandshakeOneThread
Event: 31893.952 Executing VM operation: HandshakeOneThread done
Event: 31893.952 Executing VM operation: HandshakeOneThread
Event: 31893.952 Executing VM operation: HandshakeOneThread done
Event: 31893.952 Executing VM operation: BulkRevokeBias
Event: 31893.952 Executing VM operation: BulkRevokeBias done


Dynamic libraries:
0x00007ff735130000 - 0x00007ff73513d000 	C:\Users\Hiro\.p2\pool\plugins\org.eclipse.justj.openjdk.hotspot.jre.full.win32.x86_64_14.0.2.v20200815-0932\jre\bin\javaw.exe
0x00007ffed0810000 - 0x00007ffed0a06000 	C:\Windows\SYSTEM32\ntdll.dll
0x00007ffeceec0000 - 0x00007ffecef7d000 	C:\Windows\System32\KERNEL32.DLL
0x00007ffece5a0000 - 0x00007ffece869000 	C:\Windows\System32\KERNELBASE.dll
0x00007ffece3c0000 - 0x00007ffece4c0000 	C:\Windows\System32\ucrtbase.dll
0x00007ffeb6f30000 - 0x00007ffeb6f48000 	C:\Users\Hiro\.p2\pool\plugins\org.eclipse.justj.openjdk.hotspot.jre.full.win32.x86_64_14.0.2.v20200815-0932\jre\bin\jli.dll
0x00007ffeb6f10000 - 0x00007ffeb6f25000 	C:\Users\Hiro\.p2\pool\plugins\org.eclipse.justj.openjdk.hotspot.jre.full.win32.x86_64_14.0.2.v20200815-0932\jre\bin\VCRUNTIME140.dll
0x00007ffece920000 - 0x00007ffeceac0000 	C:\Windows\System32\USER32.dll
0x00007ffece390000 - 0x00007ffece3b2000 	C:\Windows\System32\win32u.dll
0x00007ffecd360000 - 0x00007ffecd5fb000 	C:\Windows\WinSxS\amd64_microsoft.windows.common-controls_6595b64144ccf1df_6.0.19041.746_none_ca02b4b61b8320a4\COMCTL32.dll
0x00007ffecfe90000 - 0x00007ffecff2e000 	C:\Windows\System32\msvcrt.dll
0x00007ffecead0000 - 0x00007ffeceafa000 	C:\Windows\System32\GDI32.dll
0x00007ffece1a0000 - 0x00007ffece2ab000 	C:\Windows\System32\gdi32full.dll
0x00007ffecdf50000 - 0x00007ffecdfed000 	C:\Windows\System32\msvcp_win.dll
0x00007ffecee20000 - 0x00007ffecee50000 	C:\Windows\System32\IMM32.DLL
0x00007ffeafce0000 - 0x00007ffeafd7b000 	C:\Users\Hiro\.p2\pool\plugins\org.eclipse.justj.openjdk.hotspot.jre.full.win32.x86_64_14.0.2.v20200815-0932\jre\bin\msvcp140.dll
0x00007ffe80360000 - 0x00007ffe80e7e000 	C:\Users\Hiro\.p2\pool\plugins\org.eclipse.justj.openjdk.hotspot.jre.full.win32.x86_64_14.0.2.v20200815-0932\jre\bin\server\jvm.dll
0x00007ffececc0000 - 0x00007ffeced6c000 	C:\Windows\System32\ADVAPI32.dll
0x00007ffecef80000 - 0x00007ffecf01c000 	C:\Windows\System32\sechost.dll
0x00007ffecfc10000 - 0x00007ffecfd3b000 	C:\Windows\System32\RPCRT4.dll
0x00007ffecee50000 - 0x00007ffecee58000 	C:\Windows\System32\PSAPI.DLL
0x00007ffec9590000 - 0x00007ffec9599000 	C:\Windows\SYSTEM32\WSOCK32.dll
0x00007ffecf6e0000 - 0x00007ffecf74b000 	C:\Windows\System32\WS2_32.dll
0x00007ffec6770000 - 0x00007ffec677a000 	C:\Windows\SYSTEM32\VERSION.dll
0x00007ffec6740000 - 0x00007ffec6767000 	C:\Windows\SYSTEM32\WINMM.dll
0x00007ffecb810000 - 0x00007ffecb822000 	C:\Windows\SYSTEM32\kernel.appcore.dll
0x00007ffec51f0000 - 0x00007ffec51fa000 	C:\Users\Hiro\.p2\pool\plugins\org.eclipse.justj.openjdk.hotspot.jre.full.win32.x86_64_14.0.2.v20200815-0932\jre\bin\jimage.dll
0x00007ffecd9c0000 - 0x00007ffecdba4000 	C:\Windows\SYSTEM32\DBGHELP.DLL
0x00007ffecd8c0000 - 0x00007ffecd8ec000 	C:\Windows\SYSTEM32\dbgcore.DLL
0x00007ffece310000 - 0x00007ffece390000 	C:\Windows\System32\bcryptPrimitives.dll
0x00007ffeb1390000 - 0x00007ffeb13b5000 	C:\Users\Hiro\.p2\pool\plugins\org.eclipse.justj.openjdk.hotspot.jre.full.win32.x86_64_14.0.2.v20200815-0932\jre\bin\java.dll
0x00007ffebdb90000 - 0x00007ffebdba6000 	C:\Users\Hiro\.p2\pool\plugins\org.eclipse.justj.openjdk.hotspot.jre.full.win32.x86_64_14.0.2.v20200815-0932\jre\bin\zip.dll
0x00007ffecff30000 - 0x00007ffed0672000 	C:\Windows\System32\SHELL32.dll
0x00007ffecba10000 - 0x00007ffecc1a0000 	C:\Windows\SYSTEM32\windows.storage.dll
0x00007ffecf890000 - 0x00007ffecfbe6000 	C:\Windows\System32\combase.dll
0x00007ffecd1f0000 - 0x00007ffecd21c000 	C:\Windows\SYSTEM32\Wldp.dll
0x00007ffece870000 - 0x00007ffece91e000 	C:\Windows\System32\SHCORE.dll
0x00007ffed0710000 - 0x00007ffed0765000 	C:\Windows\System32\shlwapi.dll
0x00007ffecde80000 - 0x00007ffecdea6000 	C:\Windows\SYSTEM32\profapi.dll
0x00007ffea4c50000 - 0x00007ffea4de8000 	C:\Users\Hiro\.p2\pool\plugins\org.eclipse.justj.openjdk.hotspot.jre.full.win32.x86_64_14.0.2.v20200815-0932\jre\bin\awt.dll
0x00007ffecfdc0000 - 0x00007ffecfe8d000 	C:\Windows\System32\OLEAUT32.dll
0x00007ffecb260000 - 0x00007ffecb2f0000 	C:\Windows\SYSTEM32\apphelp.dll
0x00007ffecb3b0000 - 0x00007ffecb44e000 	C:\Windows\system32\uxtheme.dll
0x00007ffecf150000 - 0x00007ffecf265000 	C:\Windows\System32\MSCTF.dll
0x00007ffecf020000 - 0x00007ffecf14a000 	C:\Windows\System32\ole32.dll
0x00007ffecb510000 - 0x00007ffecb53f000 	C:\Windows\system32\DWMAPI.DLL
0x00007ffe9a050000 - 0x00007ffe9a175000 	C:\Windows\system32\opengl32.dll
0x00007ffe9a020000 - 0x00007ffe9a04c000 	C:\Windows\SYSTEM32\GLU32.dll
0x00007ffeb1570000 - 0x00007ffeb173f000 	C:\Windows\system32\d3d9.dll
0x00007ffec6780000 - 0x00007ffec68e2000 	C:\Windows\SYSTEM32\aticfx64.dll
0x00007ffea0e30000 - 0x00007ffea0e51000 	C:\Windows\SYSTEM32\atiu9p64.dll
0x00007ffe91870000 - 0x00007ffe920ca000 	C:\Windows\SYSTEM32\atiumd64.dll
0x0000000068500000 - 0x0000000068d86000 	C:\Windows\SYSTEM32\atiumd6a.dll
0x00007ffecd970000 - 0x00007ffecd9bb000 	C:\Windows\SYSTEM32\POWRPROF.dll
0x00007ffecd6e0000 - 0x00007ffecd6f2000 	C:\Windows\SYSTEM32\UMPDC.dll
0x00007ffeaf710000 - 0x00007ffeaf792000 	C:\Users\Hiro\.p2\pool\plugins\org.eclipse.justj.openjdk.hotspot.jre.full.win32.x86_64_14.0.2.v20200815-0932\jre\bin\freetype.dll
0x00007ffe9c050000 - 0x00007ffe9c0f6000 	C:\Users\Hiro\.p2\pool\plugins\org.eclipse.justj.openjdk.hotspot.jre.full.win32.x86_64_14.0.2.v20200815-0932\jre\bin\fontmanager.dll
0x00007ffeced70000 - 0x00007ffecee19000 	C:\Windows\System32\clbcatq.dll
0x00007ffec7f70000 - 0x00007ffec8124000 	C:\Windows\SYSTEM32\WindowsCodecs.dll
0x00007ffece4c0000 - 0x00007ffece4e7000 	C:\Windows\System32\bcrypt.dll
0x00007ffea8870000 - 0x00007ffea88ae000 	C:\Windows\system32\dataexchange.dll
0x00007ffeca4f0000 - 0x00007ffeca754000 	C:\Windows\system32\d3d11.dll
0x00007ffeca760000 - 0x00007ffeca947000 	C:\Windows\system32\dcomp.dll
0x00007ffecc200000 - 0x00007ffecc2f3000 	C:\Windows\system32\dxgi.dll
0x00007ffec8130000 - 0x00007ffec8331000 	C:\Windows\system32\twinapi.appcore.dll
0x00007ffeb1370000 - 0x00007ffeb1389000 	C:\Users\Hiro\.p2\pool\plugins\org.eclipse.justj.openjdk.hotspot.jre.full.win32.x86_64_14.0.2.v20200815-0932\jre\bin\net.dll
0x00007ffec48f0000 - 0x00007ffec49f0000 	C:\Windows\SYSTEM32\WINHTTP.dll
0x00007ffeccfe0000 - 0x00007ffecd04a000 	C:\Windows\system32\mswsock.dll
0x00007ffeb12e0000 - 0x00007ffeb12f2000 	C:\Users\Hiro\.p2\pool\plugins\org.eclipse.justj.openjdk.hotspot.jre.full.win32.x86_64_14.0.2.v20200815-0932\jre\bin\nio.dll
0x00007ffec3ce0000 - 0x00007ffec3ddb000 	C:\Windows\SYSTEM32\textinputframework.dll
0x00007ffecb030000 - 0x00007ffecb122000 	C:\Windows\System32\CoreMessaging.dll
0x00007ffeca950000 - 0x00007ffecacae000 	C:\Windows\System32\CoreUIComponents.dll
0x00007ffecdc90000 - 0x00007ffecdcc3000 	C:\Windows\SYSTEM32\ntmarta.dll
0x00007ffec9f30000 - 0x00007ffeca084000 	C:\Windows\SYSTEM32\wintypes.dll
0x00007ffeb5ef0000 - 0x00007ffeb5f9c000 	C:\Windows\SYSTEM32\TextShaping.dll

dbghelp: loaded successfully - version: 4.0.5 - missing functions: none
symbol engine: initialized successfully - sym options: 0x614 - pdb path: .;C:\Users\Hiro\.p2\pool\plugins\org.eclipse.justj.openjdk.hotspot.jre.full.win32.x86_64_14.0.2.v20200815-0932\jre\bin;C:\Windows\SYSTEM32;C:\Windows\WinSxS\amd64_microsoft.windows.common-controls_6595b64144ccf1df_6.0.19041.746_none_ca02b4b61b8320a4;C:\Users\Hiro\.p2\pool\plugins\org.eclipse.justj.openjdk.hotspot.jre.full.win32.x86_64_14.0.2.v20200815-0932\jre\bin\server

VM Arguments:
jvm_args: -Dfile.encoding=Cp1252 -XX:+ShowCodeDetailsInExceptionMessages 
java_command: Calculator
java_class_path (initial): N:\3D Objects\Javadomia
Launcher Type: SUN_STANDARD

[Global flags]
     intx CICompilerCount                          = 3                                         {product} {ergonomic}
     uint ConcGCThreads                            = 1                                         {product} {ergonomic}
     uint G1ConcRefinementThreads                  = 4                                         {product} {ergonomic}
   size_t G1HeapRegionSize                         = 1048576                                   {product} {ergonomic}
    uintx GCDrainStackTargetSize                   = 64                                        {product} {ergonomic}
   size_t InitialHeapSize                          = 125829120                                 {product} {ergonomic}
   size_t MarkStackSize                            = 4194304                                   {product} {ergonomic}
   size_t MaxHeapSize                              = 2002780160                                {product} {ergonomic}
   size_t MaxNewSize                               = 1201668096                                {product} {ergonomic}
   size_t MinHeapDeltaBytes                        = 1048576                                   {product} {ergonomic}
   size_t MinHeapSize                              = 8388608                                   {product} {ergonomic}
    uintx NonNMethodCodeHeapSize                   = 5832780                                {pd product} {ergonomic}
    uintx NonProfiledCodeHeapSize                  = 122912730                              {pd product} {ergonomic}
    uintx ProfiledCodeHeapSize                     = 122912730                              {pd product} {ergonomic}
    uintx ReservedCodeCacheSize                    = 251658240                              {pd product} {ergonomic}
     bool SegmentedCodeCache                       = true                                      {product} {ergonomic}
     bool ShowCodeDetailsInExceptionMessages       = true                                   {manageable} {command line}
   size_t SoftMaxHeapSize                          = 2002780160                             {manageable} {ergonomic}
     bool UseCompressedClassPointers               = true                                 {lp64_product} {ergonomic}
     bool UseCompressedOops                        = true                                 {lp64_product} {ergonomic}
     bool UseG1GC                                  = true                                      {product} {ergonomic}
     bool UseLargePagesIndividualAllocation        = false                                  {pd product} {ergonomic}

Logging:
Log output configuration:
 #0: stdout all=warning uptime,level,tags
 #1: stderr all=off uptime,level,tags

Environment Variables:
PATH=C:/Users/Hiro/.p2/pool/plugins/org.eclipse.justj.openjdk.hotspot.jre.full.win32.x86_64_14.0.2.v20200815-0932/jre/bin/server;C:/Users/Hiro/.p2/pool/plugins/org.eclipse.justj.openjdk.hotspot.jre.full.win32.x86_64_14.0.2.v20200815-0932/jre/bin;N:\Moony\Python\Python38\Scripts\;N:\Moony\Python\Python38\;C:\Windows\system32;C:\Windows;C:\Windows\System32\Wbem;C:\Windows\System32\WindowsPowerShell\v1.0\;C:\Windows\System32\OpenSSH\;C:\Program Files\dotnet\;N:\Progs\AMD\ATI.ACE\Core-Static;N:\Moony\Git\cmd;N:\Progs\UltraCompare;N:\Progs\UltraEdit;N:\Progs\Windows Kits\10\Windows Performance Toolkit\;N:\Progs\Windows Kits\10\Microsoft Application Virtualization\Sequencer\;N:\Moony\AMD\ATI.ACE\Core-Static;C:\Users\Hiro\AppData\Local\Microsoft\WindowsApps;N:\Progs\Microsoft VS Code\bin;N:\MinGW\bin;;C:\Windows\system32;
USERNAME=Hiro
OS=Windows_NT
PROCESSOR_IDENTIFIER=AMD64 Family 21 Model 16 Stepping 1, AuthenticAMD



---------------  S Y S T E M  ---------------

OS: Windows 10 , 64 bit Build 19041 (10.0.19041.804)
OS uptime: 0 days 19:23 hours
HyperV virtualization detected

CPU:total 4 (initial active 4) (4 cores per cpu, 1 threads per core) family 21 model 16 stepping 1, cmov, cx8, fxsr, mmx, sse, sse2, sse3, ssse3, sse4.1, sse4.2, popcnt, avx, aes, clmul, mmxext, 3dnowpref, lzcnt, sse4a, tsc, tscinvbit, tscinv, bmi1, fma

Memory: 4k page, system-wide physical 7639M (1177M free)
TotalPageFile size 16952M (AvailPageFile size 3M)
current process WorkingSet (physical memory assigned to process): 70M, peak: 80M
current process commit charge ("private bytes"): 220M, peak: 223M

vm_info: OpenJDK 64-Bit Server VM (14.0.2+12-46) for windows-amd64 JRE (14.0.2+12-46), built on Jul  9 2020 00:31:16 by "mach5one" with MS VC++ 15.9 (VS2017)

END.
