#
# There is insufficient memory for the Java Runtime Environment to continue.
# Native memory allocation (mmap) failed to map 125829120 bytes for Failed to commit area from 0x0000000088a00000 to 0x0000000090200000 of length 125829120.
# Possible reasons:
#   The system is out of physical RAM or swap space
#   The process is running with CompressedOops enabled, and the Java Heap may be blocking the growth of the native heap
# Possible solutions:
#   Reduce memory load on the system
#   Increase physical memory or swap space
#   Check if swap backing store is full
#   Decrease Java heap size (-Xmx/-Xms)
#   Decrease number of Java threads
#   Decrease Java thread stack sizes (-Xss)
#   Set larger code cache with -XX:ReservedCodeCacheSize=
#   JVM is running with Unscaled Compressed Oops mode in which the Java heap is
#     placed in the first 4GB address space. The Java Heap base address is the
#     maximum limit for the native heap growth. Please use -XX:HeapBaseMinAddress
#     to set the Java Heap base and to place the Java Heap above 4GB virtual address.
# This output file may be truncated or incomplete.
#
#  Out of Memory Error (./open/src/hotspot/os/windows/os_windows.cpp:3315), pid=18780, tid=18832
#
# JRE version:  (14.0.2+12) (build )
# Java VM: OpenJDK 64-Bit Server VM (14.0.2+12-46, mixed mode, sharing, tiered, compressed oops, g1 gc, windows-amd64)
# No core dump will be written. Minidumps are not enabled by default on client versions of Windows
#

---------------  S U M M A R Y ------------

Command Line: -Dfile.encoding=Cp1252 -XX:+ShowCodeDetailsInExceptionMessages Calculator

Host: AMD A8-4555M APU with Radeon(tm) HD Graphics   , 4 cores, 7G,  Windows 10 , 64 bit Build 19041 (10.0.19041.804)
Time: Wed Feb 17 09:11:51 2021 India Standard Time elapsed time: 0 seconds (0d 0h 0m 0s)

---------------  T H R E A D  ---------------

Current thread (0x0000025e98ce8800):  JavaThread "Unknown thread" [_thread_in_vm, id=18832, stack(0x000000a768100000,0x000000a768200000)]

Stack: [0x000000a768100000,0x000000a768200000]
Native frames: (J=compiled Java code, j=interpreted, Vv=VM code, C=native code)
V  [jvm.dll+0x5f8a9a]
V  [jvm.dll+0x74247a]
V  [jvm.dll+0x743c2f]
V  [jvm.dll+0x744273]
V  [jvm.dll+0x20d288]
V  [jvm.dll+0x5f5dea]
V  [jvm.dll+0x5eac45]
V  [jvm.dll+0x2c7e9c]
V  [jvm.dll+0x2c7cd2]
V  [jvm.dll+0x2cdbbc]
V  [jvm.dll+0x313fe8]
V  [jvm.dll+0x313710]
V  [jvm.dll+0x2a092a]
V  [jvm.dll+0x2a1a79]
V  [jvm.dll+0x71fd48]
V  [jvm.dll+0x321c14]
V  [jvm.dll+0x70112c]
V  [jvm.dll+0x392def]
V  [jvm.dll+0x394e61]
C  [jli.dll+0x524b]
C  [ucrtbase.dll+0x21bb2]
C  [KERNEL32.DLL+0x17034]
C  [ntdll.dll+0x4d241]


---------------  P R O C E S S  ---------------

Threads class SMR info:
_java_thread_list=0x00007ffe80de3038, length=0, elements={
}

Java Threads: ( => current thread )

Other Threads:
  0x0000025e98d28800 GCTaskThread "GC Thread#0" [stack: 0x000000a768200000,0x000000a768300000] [id=18836]
  0x0000025e98d3a000 ConcurrentGCThread "G1 Main Marker" [stack: 0x000000a768300000,0x000000a768400000] [id=18840]
  0x0000025e98d3c000 ConcurrentGCThread "G1 Conc#0" [stack: 0x000000a768400000,0x000000a768500000] [id=18844]

[error occurred during error reporting (printing all threads), id 0xc0000005, EXCEPTION_ACCESS_VIOLATION (0xc0000005) at pc=0x00007ffe80611257]

VM state:not at safepoint (not fully initialized)

VM Mutex/Monitor currently owned by a thread:  ([mutex/lock_event])
[0x0000025e98ce4430] Heap_lock - owner thread: 0x0000025e98ce8800

Heap address: 0x0000000088a00000, size: 1910 MB, Compressed Oops mode: 32-bit
Narrow klass base: 0x0000000000000000, Narrow klass shift: 0

GC Heap History (0 events):
No events

Deoptimization events (0 events):
No events

Classes unloaded (0 events):
No events

Classes redefined (0 events):
No events

Internal exceptions (0 events):
No events

Events (2 events):
Event: 0.025 Loaded shared library C:\Users\Hiro\.p2\pool\plugins\org.eclipse.justj.openjdk.hotspot.jre.full.win32.x86_64_14.0.2.v20200815-0932\jre\bin\java.dll
Event: 0.027 Loaded shared library C:\Users\Hiro\.p2\pool\plugins\org.eclipse.justj.openjdk.hotspot.jre.full.win32.x86_64_14.0.2.v20200815-0932\jre\bin\zip.dll


Dynamic libraries:
0x00007ff735130000 - 0x00007ff73513d000 	C:\Users\Hiro\.p2\pool\plugins\org.eclipse.justj.openjdk.hotspot.jre.full.win32.x86_64_14.0.2.v20200815-0932\jre\bin\javaw.exe
0x00007ffed0810000 - 0x00007ffed0a06000 	C:\Windows\SYSTEM32\ntdll.dll
0x00007ffeceec0000 - 0x00007ffecef7d000 	C:\Windows\System32\KERNEL32.DLL
0x00007ffece5a0000 - 0x00007ffece869000 	C:\Windows\System32\KERNELBASE.dll
0x00007ffece3c0000 - 0x00007ffece4c0000 	C:\Windows\System32\ucrtbase.dll
0x00007ffeb6f10000 - 0x00007ffeb6f25000 	C:\Users\Hiro\.p2\pool\plugins\org.eclipse.justj.openjdk.hotspot.jre.full.win32.x86_64_14.0.2.v20200815-0932\jre\bin\VCRUNTIME140.dll
0x00007ffeb6f30000 - 0x00007ffeb6f48000 	C:\Users\Hiro\.p2\pool\plugins\org.eclipse.justj.openjdk.hotspot.jre.full.win32.x86_64_14.0.2.v20200815-0932\jre\bin\jli.dll
0x00007ffece920000 - 0x00007ffeceac0000 	C:\Windows\System32\USER32.dll
0x00007ffecd360000 - 0x00007ffecd5fb000 	C:\Windows\WinSxS\amd64_microsoft.windows.common-controls_6595b64144ccf1df_6.0.19041.746_none_ca02b4b61b8320a4\COMCTL32.dll
0x00007ffece390000 - 0x00007ffece3b2000 	C:\Windows\System32\win32u.dll
0x00007ffecfe90000 - 0x00007ffecff2e000 	C:\Windows\System32\msvcrt.dll
0x00007ffecead0000 - 0x00007ffeceafa000 	C:\Windows\System32\GDI32.dll
0x00007ffece1a0000 - 0x00007ffece2ab000 	C:\Windows\System32\gdi32full.dll
0x00007ffecdf50000 - 0x00007ffecdfed000 	C:\Windows\System32\msvcp_win.dll
0x00007ffecee20000 - 0x00007ffecee50000 	C:\Windows\System32\IMM32.DLL
0x00007ffeafce0000 - 0x00007ffeafd7b000 	C:\Users\Hiro\.p2\pool\plugins\org.eclipse.justj.openjdk.hotspot.jre.full.win32.x86_64_14.0.2.v20200815-0932\jre\bin\msvcp140.dll
0x00007ffe80360000 - 0x00007ffe80e7e000 	C:\Users\Hiro\.p2\pool\plugins\org.eclipse.justj.openjdk.hotspot.jre.full.win32.x86_64_14.0.2.v20200815-0932\jre\bin\server\jvm.dll
0x00007ffececc0000 - 0x00007ffeced6c000 	C:\Windows\System32\ADVAPI32.dll
0x00007ffecef80000 - 0x00007ffecf01c000 	C:\Windows\System32\sechost.dll
0x00007ffecfc10000 - 0x00007ffecfd3b000 	C:\Windows\System32\RPCRT4.dll
0x00007ffecee50000 - 0x00007ffecee58000 	C:\Windows\System32\PSAPI.DLL
0x00007ffec9590000 - 0x00007ffec9599000 	C:\Windows\SYSTEM32\WSOCK32.dll
0x00007ffec6740000 - 0x00007ffec6767000 	C:\Windows\SYSTEM32\WINMM.dll
0x00007ffec6770000 - 0x00007ffec677a000 	C:\Windows\SYSTEM32\VERSION.dll
0x00007ffecf6e0000 - 0x00007ffecf74b000 	C:\Windows\System32\WS2_32.dll
0x00007ffecb810000 - 0x00007ffecb822000 	C:\Windows\SYSTEM32\kernel.appcore.dll
0x00007ffec51f0000 - 0x00007ffec51fa000 	C:\Users\Hiro\.p2\pool\plugins\org.eclipse.justj.openjdk.hotspot.jre.full.win32.x86_64_14.0.2.v20200815-0932\jre\bin\jimage.dll
0x00007ffecd9c0000 - 0x00007ffecdba4000 	C:\Windows\SYSTEM32\DBGHELP.DLL
0x00007ffecd8c0000 - 0x00007ffecd8ec000 	C:\Windows\SYSTEM32\dbgcore.DLL
0x00007ffece310000 - 0x00007ffece390000 	C:\Windows\System32\bcryptPrimitives.dll
0x00007ffeb1390000 - 0x00007ffeb13b5000 	C:\Users\Hiro\.p2\pool\plugins\org.eclipse.justj.openjdk.hotspot.jre.full.win32.x86_64_14.0.2.v20200815-0932\jre\bin\java.dll
0x00007ffebdb90000 - 0x00007ffebdba6000 	C:\Users\Hiro\.p2\pool\plugins\org.eclipse.justj.openjdk.hotspot.jre.full.win32.x86_64_14.0.2.v20200815-0932\jre\bin\zip.dll

dbghelp: loaded successfully - version: 4.0.5 - missing functions: none
symbol engine: initialized successfully - sym options: 0x614 - pdb path: .;C:\Users\Hiro\.p2\pool\plugins\org.eclipse.justj.openjdk.hotspot.jre.full.win32.x86_64_14.0.2.v20200815-0932\jre\bin;C:\Windows\SYSTEM32;C:\Windows\WinSxS\amd64_microsoft.windows.common-controls_6595b64144ccf1df_6.0.19041.746_none_ca02b4b61b8320a4;C:\Users\Hiro\.p2\pool\plugins\org.eclipse.justj.openjdk.hotspot.jre.full.win32.x86_64_14.0.2.v20200815-0932\jre\bin\server

VM Arguments:
jvm_args: -Dfile.encoding=Cp1252 -XX:+ShowCodeDetailsInExceptionMessages 
java_command: Calculator
java_class_path (initial): N:\3D Objects\Javadomia
Launcher Type: SUN_STANDARD

[Global flags]
     intx CICompilerCount                          = 3                                         {product} {ergonomic}
     uint ConcGCThreads                            = 1                                         {product} {ergonomic}
     uint G1ConcRefinementThreads                  = 4                                         {product} {ergonomic}
   size_t G1HeapRegionSize                         = 1048576                                   {product} {ergonomic}
    uintx GCDrainStackTargetSize                   = 64                                        {product} {ergonomic}
   size_t InitialHeapSize                          = 125829120                                 {product} {ergonomic}
   size_t MarkStackSize                            = 4194304                                   {product} {ergonomic}
   size_t MaxHeapSize                              = 2002780160                                {product} {ergonomic}
   size_t MinHeapDeltaBytes                        = 1048576                                   {product} {ergonomic}
   size_t MinHeapSize                              = 8388608                                   {product} {ergonomic}
    uintx NonNMethodCodeHeapSize                   = 5832780                                {pd product} {ergonomic}
    uintx NonProfiledCodeHeapSize                  = 122912730                              {pd product} {ergonomic}
    uintx ProfiledCodeHeapSize                     = 122912730                              {pd product} {ergonomic}
    uintx ReservedCodeCacheSize                    = 251658240                              {pd product} {ergonomic}
     bool SegmentedCodeCache                       = true                                      {product} {ergonomic}
     bool ShowCodeDetailsInExceptionMessages       = true                                   {manageable} {command line}
   size_t SoftMaxHeapSize                          = 2002780160                             {manageable} {ergonomic}
     bool UseCompressedClassPointers               = true                                 {lp64_product} {ergonomic}
     bool UseCompressedOops                        = true                                 {lp64_product} {ergonomic}
     bool UseG1GC                                  = true                                      {product} {ergonomic}
     bool UseLargePagesIndividualAllocation        = false                                  {pd product} {ergonomic}

Logging:
Log output configuration:
 #0: stdout all=warning uptime,level,tags
 #1: stderr all=off uptime,level,tags

Environment Variables:
PATH=C:/Users/Hiro/.p2/pool/plugins/org.eclipse.justj.openjdk.hotspot.jre.full.win32.x86_64_14.0.2.v20200815-0932/jre/bin/server;C:/Users/Hiro/.p2/pool/plugins/org.eclipse.justj.openjdk.hotspot.jre.full.win32.x86_64_14.0.2.v20200815-0932/jre/bin;N:\Moony\Python\Python38\Scripts\;N:\Moony\Python\Python38\;C:\Windows\system32;C:\Windows;C:\Windows\System32\Wbem;C:\Windows\System32\WindowsPowerShell\v1.0\;C:\Windows\System32\OpenSSH\;C:\Program Files\dotnet\;N:\Progs\AMD\ATI.ACE\Core-Static;N:\Moony\Git\cmd;N:\Progs\UltraCompare;N:\Progs\UltraEdit;N:\Progs\Windows Kits\10\Windows Performance Toolkit\;N:\Progs\Windows Kits\10\Microsoft Application Virtualization\Sequencer\;N:\Moony\AMD\ATI.ACE\Core-Static;C:\Users\Hiro\AppData\Local\Microsoft\WindowsApps;N:\Progs\Microsoft VS Code\bin;N:\MinGW\bin;;C:\Windows\system32;
USERNAME=Hiro
OS=Windows_NT
PROCESSOR_IDENTIFIER=AMD64 Family 21 Model 16 Stepping 1, AuthenticAMD



---------------  S Y S T E M  ---------------

OS: Windows 10 , 64 bit Build 19041 (10.0.19041.804)
OS uptime: 0 days 19:22 hours
HyperV virtualization detected

CPU:total 4 (initial active 4) (4 cores per cpu, 1 threads per core) family 21 model 16 stepping 1, cmov, cx8, fxsr, mmx, sse, sse2, sse3, ssse3, sse4.1, sse4.2, popcnt, avx, aes, clmul, mmxext, 3dnowpref, lzcnt, sse4a, tsc, tscinvbit, tscinv, bmi1, fma

Memory: 4k page, system-wide physical 7639M (1261M free)
TotalPageFile size 16952M (AvailPageFile size 31M)
current process WorkingSet (physical memory assigned to process): 10M, peak: 10M
current process commit charge ("private bytes"): 51M, peak: 171M

vm_info: OpenJDK 64-Bit Server VM (14.0.2+12-46) for windows-amd64 JRE (14.0.2+12-46), built on Jul  9 2020 00:31:16 by "mach5one" with MS VC++ 15.9 (VS2017)

END.
